Build started 1/17/2016 1:55:14 PM.
     1>Project "C:\Users\Nona\documents\visual studio 2012\Projects\Project5\Project5\Project5.vcxproj" on node 2 (Build target(s)).
     1>ClCompile:
         E:\vb setup\VC\bin\CL.exe /c /I"C:\Users\Nona\Documents\visual studio 2012\Projects\Project5\Project5\png" /I"C:\Users\Nona\Documents\visual studio 2012\Projects\Project5\Project5\zlib" /I"C:\Users\Nona\Documents\Visual Studio 2012\Projects\Project5\SDL2-2.0.3\include" /I"C:\Users\Nona\Documents\Visual Studio 2012\Projects\Project5\glm" /ZI /nologo /W3 /WX- /Od /Oy- /D _MBCS /Gm /EHsc /RTC1 /MDd /GS /fp:precise /Zc:wchar_t /Zc:forScope /Fo"Debug\\" /Fd"Debug\vc110.pdb" /Gd /TP /analyze- /errorReport:prompt main4.cpp
         main4.cpp
       Link:
         E:\vb setup\VC\bin\link.exe /ERRORREPORT:PROMPT /OUT:"C:\Users\Nona\documents\visual studio 2012\Projects\Project5\Debug\Project5.exe" /INCREMENTAL /NOLOGO /LIBPATH:"C:\Program Files\Microsoft SDKs\Windows\v6.0A\bin" glut32.lib glew32.lib opengl32.lib SDL2.lib SDL2main.lib ComCtl32.Lib ComDlg32.Lib irrKlang.lib kernel32.lib user32.lib gdi32.lib winspool.lib comdlg32.lib advapi32.lib shell32.lib ole32.lib oleaut32.lib uuid.lib odbc32.lib odbccp32.lib /MANIFEST /MANIFESTUAC:"level='asInvoker' uiAccess='false'" /manifest:embed /DEBUG /PDB:"C:\Users\Nona\documents\visual studio 2012\Projects\Project5\Debug\Project5.pdb" /SUBSYSTEM:CONSOLE /TLBID:1 /DYNAMICBASE /NXCOMPAT /IMPLIB:"C:\Users\Nona\documents\visual studio 2012\Projects\Project5\Debug\Project5.lib" /MACHINE:X86 Debug\main4.obj
         Debug\Sleep.obj
         Debug\DisplayList.obj
         Debug\Material.obj
         Debug\MtlLibrary.obj
         Debug\MtlLibraryManager.obj
         Debug\ObjModel.obj
         Debug\ObjStringParsing.obj
         Debug\SpriteFont.obj
         Debug\Texture.obj
         Debug\TextureBmp.obj
         Debug\TextureManager.obj
         Debug\Vector2.obj
         Debug\Vector3.obj
         Debug\main4.obj
         Debug\objloader.obj
         Debug\reader.obj
         Project5.vcxproj -> C:\Users\Nona\documents\visual studio 2012\Projects\Project5\Debug\Project5.exe
     1>Done Building Project "C:\Users\Nona\documents\visual studio 2012\Projects\Project5\Project5\Project5.vcxproj" (Build target(s)).

Build succeeded.

Time Elapsed 00:00:19.45
