C:\USERS\NONA\DOCUMENTS\VISUAL STUDIO 2012\PROJECTS\PROJECT5\PROJECT5\DEBUG\MAIN4.OBJ
C:\USERS\NONA\DOCUMENTS\VISUAL STUDIO 2012\PROJECTS\PROJECT5\PROJECT5\DEBUG\SLEEP.OBJ
C:\USERS\NONA\DOCUMENTS\VISUAL STUDIO 2012\PROJECTS\PROJECT5\PROJECT5\DEBUG\DISPLAYLIST.OBJ
C:\USERS\NONA\DOCUMENTS\VISUAL STUDIO 2012\PROJECTS\PROJECT5\PROJECT5\DEBUG\MATERIAL.OBJ
C:\USERS\NONA\DOCUMENTS\VISUAL STUDIO 2012\PROJECTS\PROJECT5\PROJECT5\DEBUG\MTLLIBRARY.OBJ
C:\USERS\NONA\DOCUMENTS\VISUAL STUDIO 2012\PROJECTS\PROJECT5\PROJECT5\DEBUG\MTLLIBRARYMANAGER.OBJ
C:\USERS\NONA\DOCUMENTS\VISUAL STUDIO 2012\PROJECTS\PROJECT5\PROJECT5\DEBUG\OBJMODEL.OBJ
C:\USERS\NONA\DOCUMENTS\VISUAL STUDIO 2012\PROJECTS\PROJECT5\PROJECT5\DEBUG\OBJSTRINGPARSING.OBJ
C:\USERS\NONA\DOCUMENTS\VISUAL STUDIO 2012\PROJECTS\PROJECT5\PROJECT5\DEBUG\SPRITEFONT.OBJ
C:\USERS\NONA\DOCUMENTS\VISUAL STUDIO 2012\PROJECTS\PROJECT5\PROJECT5\DEBUG\TEXTURE.OBJ
C:\USERS\NONA\DOCUMENTS\VISUAL STUDIO 2012\PROJECTS\PROJECT5\PROJECT5\DEBUG\TEXTUREBMP.OBJ
C:\USERS\NONA\DOCUMENTS\VISUAL STUDIO 2012\PROJECTS\PROJECT5\PROJECT5\DEBUG\TEXTUREMANAGER.OBJ
C:\USERS\NONA\DOCUMENTS\VISUAL STUDIO 2012\PROJECTS\PROJECT5\PROJECT5\DEBUG\VECTOR2.OBJ
C:\USERS\NONA\DOCUMENTS\VISUAL STUDIO 2012\PROJECTS\PROJECT5\PROJECT5\DEBUG\VECTOR3.OBJ
C:\USERS\NONA\DOCUMENTS\VISUAL STUDIO 2012\PROJECTS\PROJECT5\PROJECT5\DEBUG\OBJLOADER.OBJ
C:\USERS\NONA\DOCUMENTS\VISUAL STUDIO 2012\PROJECTS\PROJECT5\PROJECT5\DEBUG\READER.OBJ
C:\USERS\NONA\DOCUMENTS\VISUAL STUDIO 2012\PROJECTS\PROJECT5\PROJECT5\DEBUG\VC110.PDB
C:\USERS\NONA\DOCUMENTS\VISUAL STUDIO 2012\PROJECTS\PROJECT5\DEBUG\PROJECT5.ILK
C:\USERS\NONA\DOCUMENTS\VISUAL STUDIO 2012\PROJECTS\PROJECT5\DEBUG\PROJECT5.EXE
C:\USERS\NONA\DOCUMENTS\VISUAL STUDIO 2012\PROJECTS\PROJECT5\DEBUG\PROJECT5.PDB
C:\Users\Nona\documents\visual studio 2012\Projects\Project5\Project5\Debug\DisplayList.obj
C:\Users\Nona\documents\visual studio 2012\Projects\Project5\Project5\Debug\main4.obj
C:\Users\Nona\documents\visual studio 2012\Projects\Project5\Project5\Debug\Material.obj
C:\Users\Nona\documents\visual studio 2012\Projects\Project5\Project5\Debug\MtlLibrary.obj
C:\Users\Nona\documents\visual studio 2012\Projects\Project5\Project5\Debug\MtlLibraryManager.obj
C:\Users\Nona\documents\visual studio 2012\Projects\Project5\Project5\Debug\objloader.obj
C:\Users\Nona\documents\visual studio 2012\Projects\Project5\Project5\Debug\ObjModel.obj
C:\Users\Nona\documents\visual studio 2012\Projects\Project5\Project5\Debug\ObjStringParsing.obj
C:\Users\Nona\documents\visual studio 2012\Projects\Project5\Project5\Debug\reader.obj
C:\Users\Nona\documents\visual studio 2012\Projects\Project5\Project5\Debug\Sleep.obj
C:\Users\Nona\documents\visual studio 2012\Projects\Project5\Project5\Debug\SpriteFont.obj
C:\Users\Nona\documents\visual studio 2012\Projects\Project5\Project5\Debug\Texture.obj
C:\Users\Nona\documents\visual studio 2012\Projects\Project5\Project5\Debug\TextureBmp.obj
C:\Users\Nona\documents\visual studio 2012\Projects\Project5\Project5\Debug\TextureManager.obj
C:\Users\Nona\documents\visual studio 2012\Projects\Project5\Project5\Debug\Vector2.obj
C:\Users\Nona\documents\visual studio 2012\Projects\Project5\Project5\Debug\Vector3.obj
C:\Users\Nona\documents\visual studio 2012\Projects\Project5\Project5\Debug\cl.command.1.tlog
C:\Users\Nona\documents\visual studio 2012\Projects\Project5\Project5\Debug\CL.read.1.tlog
C:\Users\Nona\documents\visual studio 2012\Projects\Project5\Project5\Debug\CL.write.1.tlog
C:\Users\Nona\documents\visual studio 2012\Projects\Project5\Project5\Debug\link-cvtres.read.1.tlog
C:\Users\Nona\documents\visual studio 2012\Projects\Project5\Project5\Debug\link-cvtres.write.1.tlog
C:\Users\Nona\documents\visual studio 2012\Projects\Project5\Project5\Debug\link-rc.read.1.tlog
C:\Users\Nona\documents\visual studio 2012\Projects\Project5\Project5\Debug\link-rc.write.1.tlog
C:\Users\Nona\documents\visual studio 2012\Projects\Project5\Project5\Debug\link.command.1.tlog
C:\Users\Nona\documents\visual studio 2012\Projects\Project5\Project5\Debug\link.read.1.tlog
C:\Users\Nona\documents\visual studio 2012\Projects\Project5\Project5\Debug\link.write.1.tlog
C:\Users\Nona\documents\visual studio 2012\Projects\Project5\Project5\Debug\vc110.idb
C:\Users\Nona\documents\visual studio 2012\Projects\Project5\Project5\Debug\vc110.pdb
C:\Users\Nona\documents\visual studio 2012\Projects\Project5\Debug\Project5.pdb
C:\Users\Nona\documents\visual studio 2012\Projects\Project5\Debug\Project5.exe
C:\Users\Nona\documents\visual studio 2012\Projects\Project5\Debug\Project5.ilk
